2025-06-01 12:46:25,655 - wnsm-addon - INFO - Using vienna-smartmeter version: 0.3.2
2025-06-01 12:46:25,655 - wnsm-addon - INFO - vienna-smartmeter library has bewegungsdaten method
2025-06-01 12:46:25,655 - wnsm-addon - INFO - Loading configuration from /data/options.json
2025-06-01 12:46:25,655 - wnsm-addon - INFO - Wiener Netze Smart Meter Add-on started
2025-06-01 12:46:25,655 - wnsm-addon - INFO - Publishing MQTT discovery configuration
2025-06-01 12:46:25,659 - wnsm_smartmeter - INFO - MQTT discovery configuration published
2025-06-01 12:46:25,660 - wnsm-addon - INFO - Fetching Bewegungsdaten from Wiener Netze
2025-06-01 12:46:25,660 - wnsm_smartmeter - INFO - Initializing Wiener Netze Smartmeter client
2025-06-01 12:46:26,526 - wnsm_smartmeter - INFO - Logging in to Wiener Netze service
2025-06-01 12:46:26,526 - wnsm_smartmeter - INFO - Using yesterday (2025-05-31) as end date since data is only available until the previous day
2025-06-01 12:46:26,526 - wnsm_smartmeter - INFO - Fetching data from 2025-05-29 to 2025-05-31 (3 days)
2025-06-01 12:46:26,526 - wnsm_smartmeter - INFO - Fetching bewegungsdaten for zaehlpunkt AT0010000000000000001000004392265
2025-06-01 12:46:26,526 - wnsm_smartmeter - INFO - API doesn't support granularity parameter, trying without it
2025-06-01 12:46:26,880 - wnsm_smartmeter - INFO - Processing data in format 2
2025-06-01 12:46:26,881 - wnsm_smartmeter - INFO - Processing daily data: 2025-05-29T22:00:00Z to 2025-05-30T22:00:00Z, value: 14.043 kWh
2025-06-01 12:46:26,961 - wnsm_smartmeter - INFO - Created 24 hourly entries for daily value 14.043 kWh
2025-06-01 12:46:26,961 - wnsm_smartmeter - INFO - Processing daily data: 2025-05-30T22:00:00Z to 2025-05-31T22:00:00Z, value: 14.653 kWh
2025-06-01 12:46:26,961 - wnsm_smartmeter - INFO - Created 24 hourly entries for daily value 14.653 kWh
2025-06-01 12:46:26,961 - wnsm_smartmeter - INFO - Processed 48 data points
2025-06-01 12:46:26,961 - wnsm-addon - INFO - Fetched 48 data points
2025-06-01 12:46:26,961 - wnsm_smartmeter - INFO - Publishing 48 15-minute intervals to MQTT
2025-06-01 12:46:26,962 - wnsm_smartmeter - WARNING - Skipping data point with missing fields: {'start': '2025-05-29T22:00:00Z', 'sum': 0.5851249999999997, 'state': 0.585125}
2025-06-01 12:46:26,962 - wnsm_smartmeter - WARNING - Skipping data point with missing fields: {'start': '2025-05-29T23:00:00Z', 'sum': 1.1702499999999993, 'state': 0.585125}
2025-06-01 12:46:26,962 - wnsm_smartmeter - WARNING - Skipping data point with missing fields: {'start': '2025-05-30T00:00:00Z', 'sum': 1.7553750000000008, 'state': 0.585125}
2025-06-01 12:46:26,962 - wnsm_smartmeter - WARNING - Skipping data point with missing fields: {'start': '2025-05-30T01:00:00Z', 'sum': 2.3405000000000005, 'state': 0.585125}
2025-06-01 12:46:26,962 - wnsm_smartmeter - WARNING - Skipping data point with missing fields: {'start': '2025-05-30T02:00:00Z', 'sum': 2.925625, 'state': 0.585125}
2025-06-01 12:46:26,962 - wnsm_smartmeter - WARNING - Skipping data point with missing fields: {'start': '2025-05-30T03:00:00Z', 'sum': 3.51075, 'state': 0.585125}
2025-06-01 12:46:26,962 - wnsm_smartmeter - WARNING - Skipping data point with missing fields: {'start': '2025-05-30T04:00:00Z', 'sum': 4.0958749999999995, 'state': 0.585125}
2025-06-01 12:46:26,962 - wnsm_smartmeter - WARNING - Skipping data point with missing fields: {'start': '2025-05-30T05:00:00Z', 'sum': 4.681000000000001, 'state': 0.585125}
2025-06-01 12:46:26,962 - wnsm_smartmeter - WARNING - Skipping data point with missing fields: {'start': '2025-05-30T06:00:00Z', 'sum': 5.266124999999999, 'state': 0.585125}
2025-06-01 12:46:26,962 - wnsm_smartmeter - WARNING - Skipping data point with missing fields: {'start': '2025-05-30T07:00:00Z', 'sum': 5.85125, 'state': 0.585125}
2025-06-01 12:46:26,962 - wnsm_smartmeter - WARNING - Skipping data point with missing fields: {'start': '2025-05-30T08:00:00Z', 'sum': 6.436375, 'state': 0.585125}
2025-06-01 12:46:26,962 - wnsm_smartmeter - WARNING - Skipping data point with missing fields: {'start': '2025-05-30T09:00:00Z', 'sum': 7.0215, 'state': 0.585125}
2025-06-01 12:46:26,962 - wnsm_smartmeter - WARNING - Skipping data point with missing fields: {'start': '2025-05-30T10:00:00Z', 'sum': 7.606625, 'state': 0.585125}
2025-06-01 12:46:26,962 - wnsm_smartmeter - WARNING - Skipping data point with missing fields: {'start': '2025-05-30T11:00:00Z', 'sum': 8.19175, 'state': 0.585125}
2025-06-01 12:46:26,962 - wnsm_smartmeter - WARNING - Skipping data point with missing fields: {'start': '2025-05-30T12:00:00Z', 'sum': 8.776875, 'state': 0.585125}
2025-06-01 12:46:26,962 - wnsm_smartmeter - WARNING - Skipping data point with missing fields: {'start': '2025-05-30T13:00:00Z', 'sum': 9.362, 'state': 0.585125}
2025-06-01 12:46:26,962 - wnsm_smartmeter - WARNING - Skipping data point with missing fields: {'start': '2025-05-30T14:00:00Z', 'sum': 9.947125, 'state': 0.585125}
2025-06-01 12:46:26,963 - wnsm_smartmeter - WARNING - Skipping data point with missing fields: {'start': '2025-05-30T15:00:00Z', 'sum': 10.53225, 'state': 0.585125}
2025-06-01 12:46:26,963 - wnsm_smartmeter - WARNING - Skipping data point with missing fields: {'start': '2025-05-30T16:00:00Z', 'sum': 11.117375000000001, 'state': 0.585125}
2025-06-01 12:46:26,963 - wnsm_smartmeter - WARNING - Skipping data point with missing fields: {'start': '2025-05-30T17:00:00Z', 'sum': 11.7025, 'state': 0.585125}
2025-06-01 12:46:26,963 - wnsm_smartmeter - WARNING - Skipping data point with missing fields: {'start': '2025-05-30T18:00:00Z', 'sum': 12.287625, 'state': 0.585125}
2025-06-01 12:46:26,963 - wnsm_smartmeter - WARNING - Skipping data point with missing fields: {'start': '2025-05-30T19:00:00Z', 'sum': 12.87275, 'state': 0.585125}
2025-06-01 12:46:26,963 - wnsm_smartmeter - WARNING - Skipping data point with missing fields: {'start': '2025-05-30T20:00:00Z', 'sum': 13.457875, 'state': 0.585125}
2025-06-01 12:46:26,963 - wnsm_smartmeter - WARNING - Skipping data point with missing fields: {'start': '2025-05-30T21:00:00Z', 'sum': 14.043, 'state': 0.585125}
2025-06-01 12:46:26,963 - wnsm_smartmeter - WARNING - Skipping data point with missing fields: {'start': '2025-05-30T22:00:00Z', 'sum': 14.653541666666664, 'state': 0.6105416666666666}
2025-06-01 12:46:26,963 - wnsm_smartmeter - WARNING - Skipping data point with missing fields: {'start': '2025-05-30T23:00:00Z', 'sum': 15.26408333333333, 'state': 0.6105416666666666}
2025-06-01 12:46:26,963 - wnsm_smartmeter - WARNING - Skipping data point with missing fields: {'start': '2025-05-31T00:00:00Z', 'sum': 15.874624999999998, 'state': 0.6105416666666666}
2025-06-01 12:46:26,963 - wnsm_smartmeter - WARNING - Skipping data point with missing fields: {'start': '2025-05-31T01:00:00Z', 'sum': 16.485166666666665, 'state': 0.6105416666666666}
2025-06-01 12:46:26,963 - wnsm_smartmeter - WARNING - Skipping data point with missing fields: {'start': '2025-05-31T02:00:00Z', 'sum': 17.09570833333333, 'state': 0.6105416666666666}
2025-06-01 12:46:26,963 - wnsm_smartmeter - WARNING - Skipping data point with missing fields: {'start': '2025-05-31T03:00:00Z', 'sum': 17.706249999999997, 'state': 0.6105416666666666}
2025-06-01 12:46:26,963 - wnsm_smartmeter - WARNING - Skipping data point with missing fields: {'start': '2025-05-31T04:00:00Z', 'sum': 18.316791666666663, 'state': 0.6105416666666666}
2025-06-01 12:46:26,963 - wnsm_smartmeter - WARNING - Skipping data point with missing fields: {'start': '2025-05-31T05:00:00Z', 'sum': 18.92733333333333, 'state': 0.6105416666666666}
2025-06-01 12:46:26,963 - wnsm_smartmeter - WARNING - Skipping data point with missing fields: {'start': '2025-05-31T06:00:00Z', 'sum': 19.537874999999996, 'state': 0.6105416666666666}
2025-06-01 12:46:26,963 - wnsm_smartmeter - WARNING - Skipping data point with missing fields: {'start': '2025-05-31T07:00:00Z', 'sum': 20.148416666666662, 'state': 0.6105416666666666}
2025-06-01 12:46:26,963 - wnsm_smartmeter - WARNING - Skipping data point with missing fields: {'start': '2025-05-31T08:00:00Z', 'sum': 20.758958333333332, 'state': 0.6105416666666666}
2025-06-01 12:46:26,963 - wnsm_smartmeter - WARNING - Skipping data point with missing fields: {'start': '2025-05-31T09:00:00Z', 'sum': 21.369499999999995, 'state': 0.6105416666666666}
2025-06-01 12:46:26,963 - wnsm_smartmeter - WARNING - Skipping data point with missing fields: {'start': '2025-05-31T10:00:00Z', 'sum': 21.980041666666665, 'state': 0.6105416666666666}
2025-06-01 12:46:26,964 - wnsm_smartmeter - WARNING - Skipping data point with missing fields: {'start': '2025-05-31T11:00:00Z', 'sum': 22.59058333333333, 'state': 0.6105416666666666}
2025-06-01 12:46:26,964 - wnsm_smartmeter - WARNING - Skipping data point with missing fields: {'start': '2025-05-31T12:00:00Z', 'sum': 23.201124999999998, 'state': 0.6105416666666666}
2025-06-01 12:46:26,964 - wnsm_smartmeter - WARNING - Skipping data point with missing fields: {'start': '2025-05-31T13:00:00Z', 'sum': 23.811666666666664, 'state': 0.6105416666666666}
2025-06-01 12:46:26,964 - wnsm_smartmeter - WARNING - Skipping data point with missing fields: {'start': '2025-05-31T14:00:00Z', 'sum': 24.42220833333333, 'state': 0.6105416666666666}
2025-06-01 12:46:26,964 - wnsm_smartmeter - WARNING - Skipping data point with missing fields: {'start': '2025-05-31T15:00:00Z', 'sum': 25.032749999999997, 'state': 0.6105416666666666}
2025-06-01 12:46:26,964 - wnsm_smartmeter - WARNING - Skipping data point with missing fields: {'start': '2025-05-31T16:00:00Z', 'sum': 25.643291666666663, 'state': 0.6105416666666666}
2025-06-01 12:46:26,964 - wnsm_smartmeter - WARNING - Skipping data point with missing fields: {'start': '2025-05-31T17:00:00Z', 'sum': 26.253833333333333, 'state': 0.6105416666666666}
2025-06-01 12:46:26,964 - wnsm_smartmeter - WARNING - Skipping data point with missing fields: {'start': '2025-05-31T18:00:00Z', 'sum': 26.864374999999995, 'state': 0.6105416666666666}
2025-06-01 12:46:26,964 - wnsm_smartmeter - WARNING - Skipping data point with missing fields: {'start': '2025-05-31T19:00:00Z', 'sum': 27.474916666666665, 'state': 0.6105416666666666}
2025-06-01 12:46:26,964 - wnsm_smartmeter - WARNING - Skipping data point with missing fields: {'start': '2025-05-31T20:00:00Z', 'sum': 28.085458333333328, 'state': 0.6105416666666666}
2025-06-01 12:46:26,964 - wnsm_smartmeter - WARNING - Skipping data point with missing fields: {'start': '2025-05-31T21:00:00Z', 'sum': 28.695999999999998, 'state': 0.6105416666666666}
2025-06-01 12:46:26,964 - wnsm_smartmeter - INFO - ✅ Published 0 15-minute intervals to MQTT topic: smartmeter/energy/state
2025-06-01 12:46:26,964 - wnsm_smartmeter - INFO - Total consumption for period: 0.000 kWh across 48 intervals
2025-06-01 12:46:26,964 - wnsm-addon - INFO - Sleeping for 86400 seconds
2025-06-01 14:15:47,413 - wnsm-addon - INFO - Using vienna-smartmeter version: 0.3.2
2025-06-01 14:15:47,413 - wnsm-addon - INFO - vienna-smartmeter library has bewegungsdaten method
2025-06-01 14:15:47,413 - wnsm-addon - INFO - Loading configuration from /data/options.json
2025-06-01 14:15:47,414 - wnsm-addon - INFO - Wiener Netze Smart Meter Add-on started
2025-06-01 14:15:47,414 - wnsm-addon - INFO - Publishing MQTT discovery configuration
2025-06-01 14:15:47,417 - wnsm_smartmeter - INFO - MQTT discovery configuration published
2025-06-01 14:15:47,417 - wnsm-addon - INFO - Fetching Bewegungsdaten from Wiener Netze
2025-06-01 14:15:47,418 - wnsm_smartmeter - INFO - Initializing Wiener Netze Smartmeter client
2025-06-01 14:15:48,408 - wnsm_smartmeter - INFO - Logging in to Wiener Netze service
2025-06-01 14:15:48,408 - wnsm_smartmeter - INFO - Using yesterday (2025-05-31) as end date since data is only available until the previous day
2025-06-01 14:15:48,408 - wnsm_smartmeter - INFO - Fetching data from 2025-05-29 to 2025-05-31 (3 days)
2025-06-01 14:15:48,408 - wnsm_smartmeter - INFO - Fetching bewegungsdaten for zaehlpunkt AT0010000000000000001000004392265
2025-06-01 14:15:48,408 - wnsm_smartmeter - ERROR - Error fetching Bewegungsdaten: No module named 'api'
2025-06-01 14:15:48,408 - wnsm_smartmeter - ERROR - No module named 'api'
Traceback (most recent call last):
  File "/app/wnsm_sync/sync_bewegungsdaten_to_ha.py", line 613, in fetch_bewegungsdaten
    from api import constants as const
ModuleNotFoundError: No module named 'api'
2025-06-01 14:15:48,409 - wnsm-addon - WARNING - No data fetched from Wiener Netze
2025-06-01 14:15:48,409 - wnsm-addon - INFO - Sleeping for 86400 seconds